<?xml version="1.0" encoding="UTF-8"?>
<!-- Generated by org.testng.reporters.JUnitReportReporter -->
<testsuite skipped="0" hostname="Raptor" name="TestingStuff.TestExecutionFild" tests="2" failures="0" timestamp="20 Dec 2022 17:17:57 GMT" time="0.177" errors="0">
  <testcase name="landing" time="0.022" classname="TestingStuff.TestExecutionFild"/>
  <testcase name="ValidateIconOfGreenKart" time="0.155" classname="TestingStuff.TestExecutionFild"/>
</testsuite> <!-- TestingStuff.TestExecutionFild -->
