<?xml version="1.0" encoding="UTF-8"?>
<!-- Generated by org.testng.reporters.JUnitReportReporter -->
<testsuite skipped="0" hostname="Raptor" name="TestingStuff.TestExecutionFild" tests="4" failures="0" timestamp="21 Dec 2022 19:05:12 GMT" time="48.674" errors="0">
  <testcase name="landing" time="18.690" classname="TestingStuff.TestExecutionFild"/>
  <testcase name="validateAddKartButton" time="6.374" classname="TestingStuff.TestExecutionFild"/>
  <testcase name="ValidateIconOfGreenKart" time="18.691" classname="TestingStuff.TestExecutionFild"/>
  <testcase name="validateAddKartButton" time="4.919" classname="TestingStuff.TestExecutionFild"/>
</testsuite> <!-- TestingStuff.TestExecutionFild -->
