<?xml version="1.0" encoding="UTF-8"?>
<!-- Generated by org.testng.reporters.JUnitReportReporter -->
<testsuite hostname="RAJRATNAA" failures="0" tests="2" name="TestUtility.Delete" time="19.829" errors="0" timestamp="22 Dec 2022 17:47:48 GMT" skipped="0">
  <testcase classname="TestUtility.Delete" name="m2" time="0.003"/>
  <testcase classname="TestUtility.Delete" name="m1" time="19.826"/>
</testsuite> <!-- TestUtility.Delete -->
