<?xml version="1.0" encoding="UTF-8"?>
<!-- Generated by org.testng.reporters.JUnitReportReporter -->
<testsuite hostname="RAJRATNA" failures="0" tests="2" name="TestingStuff.TestExecutionFild" time="0.464" errors="0" timestamp="20 Dec 2022 18:03:36 GMT" skipped="0">
  <testcase classname="TestingStuff.TestExecutionFild" name="landing" time="0.030"/>
  <testcase classname="TestingStuff.TestExecutionFild" name="ValidateIconOfGreenKart" time="0.434"/>
</testsuite> <!-- TestingStuff.TestExecutionFild -->
