<?xml version="1.0" encoding="UTF-8"?>
<!-- Generated by org.testng.reporters.JUnitReportReporter -->
<testsuite skipped="0" hostname="Raptor" name="TestingStuff.TestExecutionFild" tests="4" failures="0" timestamp="22 Dec 2022 13:09:30 GMT" time="47.163" errors="0">
  <testcase name="validateAddKartButton" time="4.356" classname="TestingStuff.TestExecutionFild"/>
  <testcase name="landing" time="18.240" classname="TestingStuff.TestExecutionFild"/>
  <testcase name="validateAddKartButton" time="22.283" classname="TestingStuff.TestExecutionFild"/>
  <testcase name="ValidateIconOfGreenKart" time="2.284" classname="TestingStuff.TestExecutionFild"/>
</testsuite> <!-- TestingStuff.TestExecutionFild -->
